TN:
SF:D:\lws_xdf_file\xue\tests\unit\button.spec.js
FN:1,(anonymous_0)
FN:2,hotDisposeChunk
FN:7,webpackHotUpdateCallback
FN:13,hotDownloadUpdateChunk
FN:22,hotDownloadManifest
FN:24,(anonymous_5)
FN:37,(anonymous_6)
FN:76,hotCreateRequire
FN:79,(anonymous_8)
FN:103,ObjectFactory
FN:107,(anonymous_10)
FN:110,(anonymous_11)
FN:124,(anonymous_12)
FN:127,(anonymous_13)
FN:132,finishChunkLoading
FN:144,(anonymous_15)
FN:152,hotCreateModule
FN:164,(anonymous_17)
FN:169,(anonymous_18)
FN:170,(anonymous_19)
FN:172,(anonymous_20)
FN:179,(anonymous_21)
FN:182,(anonymous_22)
FN:185,(anonymous_23)
FN:193,(anonymous_24)
FN:197,(anonymous_25)
FN:200,(anonymous_26)
FN:215,hotSetStatus
FN:232,toModuleId
FN:237,hotCheck
FN:243,(anonymous_30)
FN:254,(anonymous_31)
FN:279,hotAddUpdateChunk
FN:293,hotEnsureUpdateChunk
FN:303,hotUpdateDownloaded
FN:313,(anonymous_35)
FN:317,(anonymous_36)
FN:320,(anonymous_37)
FN:335,hotApply
FN:346,getAffectedStuff
FN:350,(anonymous_40)
FN:412,addAllToSet
FN:425,warnUnexpectedRequire
FN:540,(anonymous_43)
FN:701,(anonymous_44)
FN:710,__webpack_require__
FN:744,(anonymous_46)
FN:751,(anonymous_47)
FN:763,(anonymous_48)
FN:770,(anonymous_49)
FN:775,(anonymous_50)
FN:777,getDefault
FN:778,getModuleExports
FN:784,(anonymous_53)
FN:790,(anonymous_54)
FN:804,(anonymous_55)
FN:816,(anonymous_56)
FN:828,(anonymous_57)
FN:840,(anonymous_58)
FN:852,(anonymous_59)
FN:864,(anonymous_60)
FN:876,(anonymous_61)
FN:888,(anonymous_62)
FN:900,(anonymous_63)
FN:912,(anonymous_64)
FN:924,(anonymous_65)
FN:936,(anonymous_66)
FN:948,(anonymous_67)
FN:960,(anonymous_68)
FN:972,(anonymous_69)
FN:984,(anonymous_70)
FN:996,(anonymous_71)
FN:1008,(anonymous_72)
FN:1020,(anonymous_73)
FN:1032,(anonymous_74)
FN:1044,(anonymous_75)
FN:1056,(anonymous_76)
FN:1068,(anonymous_77)
FN:1080,(anonymous_78)
FN:1092,(anonymous_79)
FN:1104,(anonymous_80)
FN:1116,(anonymous_81)
FN:1128,(anonymous_82)
FN:1140,(anonymous_83)
FN:1152,(anonymous_84)
FN:1164,(anonymous_85)
FN:1176,(anonymous_86)
FN:1188,(anonymous_87)
FN:1200,(anonymous_88)
FN:1212,(anonymous_89)
FN:1224,(anonymous_90)
FN:1235,(anonymous_91)
FN:1247,(anonymous_92)
FN:1259,(anonymous_93)
FN:1270,(anonymous_94)
FN:1281,(anonymous_95)
FN:1292,(anonymous_96)
FN:1303,(anonymous_97)
FN:1314,(anonymous_98)
FN:1325,(anonymous_99)
FN:1336,(anonymous_100)
FN:1347,(anonymous_101)
FN:1358,(anonymous_102)
FN:1369,(anonymous_103)
FN:1380,(anonymous_104)
FN:1391,(anonymous_105)
FN:1402,(anonymous_106)
FN:1413,(anonymous_107)
FN:1424,(anonymous_108)
FN:1435,(anonymous_109)
FN:1446,(anonymous_110)
FN:1457,(anonymous_111)
FN:1468,(anonymous_112)
FN:1479,(anonymous_113)
FN:1490,(anonymous_114)
FN:1501,(anonymous_115)
FN:1512,(anonymous_116)
FN:1523,(anonymous_117)
FN:1534,(anonymous_118)
FN:1545,(anonymous_119)
FN:1556,(anonymous_120)
FN:1567,(anonymous_121)
FN:1578,(anonymous_122)
FN:1589,(anonymous_123)
FN:1600,(anonymous_124)
FN:1611,(anonymous_125)
FN:1623,(anonymous_126)
FN:1635,(anonymous_127)
FN:1646,(anonymous_128)
FN:1658,(anonymous_129)
FN:1669,(anonymous_130)
FN:1680,(anonymous_131)
FN:1691,(anonymous_132)
FN:1703,(anonymous_133)
FN:1714,(anonymous_134)
FN:1726,(anonymous_135)
FN:1738,(anonymous_136)
FN:1750,(anonymous_137)
FN:1762,(anonymous_138)
FN:1774,(anonymous_139)
FN:1786,(anonymous_140)
FN:1798,(anonymous_141)
FN:1810,(anonymous_142)
FN:1822,(anonymous_143)
FN:1834,(anonymous_144)
FN:1846,(anonymous_145)
FN:1858,(anonymous_146)
FN:1870,(anonymous_147)
FN:1882,(anonymous_148)
FN:1894,(anonymous_149)
FN:1906,(anonymous_150)
FN:1918,(anonymous_151)
FN:1930,(anonymous_152)
FN:1942,(anonymous_153)
FN:1954,(anonymous_154)
FN:1966,(anonymous_155)
FN:1978,(anonymous_156)
FN:1990,(anonymous_157)
FN:2002,(anonymous_158)
FN:2014,(anonymous_159)
FN:2026,(anonymous_160)
FN:2038,(anonymous_161)
FN:2050,(anonymous_162)
FN:2062,(anonymous_163)
FN:2074,(anonymous_164)
FN:2086,(anonymous_165)
FN:2098,(anonymous_166)
FN:2110,(anonymous_167)
FN:2122,(anonymous_168)
FN:2134,(anonymous_169)
FN:2145,(anonymous_170)
FN:2156,(anonymous_171)
FN:2168,(anonymous_172)
FN:2179,(anonymous_173)
FN:2191,(anonymous_174)
FN:2202,(anonymous_175)
FN:2213,(anonymous_176)
FN:2225,(anonymous_177)
FN:2237,(anonymous_178)
FN:2249,(anonymous_179)
FNF:180
FNH:138
FNDA:1,(anonymous_0)
FNDA:0,hotDisposeChunk
FNDA:0,webpackHotUpdateCallback
FNDA:0,hotDownloadUpdateChunk
FNDA:0,hotDownloadManifest
FNDA:0,(anonymous_5)
FNDA:0,(anonymous_6)
FNDA:126,hotCreateRequire
FNDA:314,(anonymous_8)
FNDA:1125,ObjectFactory
FNDA:17,(anonymous_10)
FNDA:0,(anonymous_11)
FNDA:0,(anonymous_12)
FNDA:0,(anonymous_13)
FNDA:0,finishChunkLoading
FNDA:0,(anonymous_15)
FNDA:125,hotCreateModule
FNDA:2,(anonymous_17)
FNDA:0,(anonymous_18)
FNDA:0,(anonymous_19)
FNDA:0,(anonymous_20)
FNDA:0,(anonymous_21)
FNDA:0,(anonymous_22)
FNDA:0,(anonymous_23)
FNDA:0,(anonymous_24)
FNDA:0,(anonymous_25)
FNDA:0,(anonymous_26)
FNDA:0,hotSetStatus
FNDA:0,toModuleId
FNDA:0,hotCheck
FNDA:0,(anonymous_30)
FNDA:0,(anonymous_31)
FNDA:0,hotAddUpdateChunk
FNDA:0,hotEnsureUpdateChunk
FNDA:0,hotUpdateDownloaded
FNDA:0,(anonymous_35)
FNDA:0,(anonymous_36)
FNDA:0,(anonymous_37)
FNDA:0,hotApply
FNDA:0,getAffectedStuff
FNDA:0,(anonymous_40)
FNDA:0,addAllToSet
FNDA:0,warnUnexpectedRequire
FNDA:0,(anonymous_43)
FNDA:0,(anonymous_44)
FNDA:315,__webpack_require__
FNDA:9,(anonymous_46)
FNDA:8,(anonymous_47)
FNDA:0,(anonymous_48)
FNDA:0,(anonymous_49)
FNDA:4,(anonymous_50)
FNDA:0,getDefault
FNDA:3,getModuleExports
FNDA:9,(anonymous_53)
FNDA:0,(anonymous_54)
FNDA:1,(anonymous_55)
FNDA:1,(anonymous_56)
FNDA:1,(anonymous_57)
FNDA:1,(anonymous_58)
FNDA:1,(anonymous_59)
FNDA:1,(anonymous_60)
FNDA:1,(anonymous_61)
FNDA:1,(anonymous_62)
FNDA:1,(anonymous_63)
FNDA:1,(anonymous_64)
FNDA:1,(anonymous_65)
FNDA:1,(anonymous_66)
FNDA:1,(anonymous_67)
FNDA:1,(anonymous_68)
FNDA:1,(anonymous_69)
FNDA:1,(anonymous_70)
FNDA:1,(anonymous_71)
FNDA:1,(anonymous_72)
FNDA:1,(anonymous_73)
FNDA:1,(anonymous_74)
FNDA:1,(anonymous_75)
FNDA:1,(anonymous_76)
FNDA:1,(anonymous_77)
FNDA:1,(anonymous_78)
FNDA:1,(anonymous_79)
FNDA:1,(anonymous_80)
FNDA:1,(anonymous_81)
FNDA:1,(anonymous_82)
FNDA:1,(anonymous_83)
FNDA:1,(anonymous_84)
FNDA:1,(anonymous_85)
FNDA:1,(anonymous_86)
FNDA:1,(anonymous_87)
FNDA:1,(anonymous_88)
FNDA:1,(anonymous_89)
FNDA:1,(anonymous_90)
FNDA:1,(anonymous_91)
FNDA:1,(anonymous_92)
FNDA:1,(anonymous_93)
FNDA:1,(anonymous_94)
FNDA:1,(anonymous_95)
FNDA:1,(anonymous_96)
FNDA:1,(anonymous_97)
FNDA:1,(anonymous_98)
FNDA:1,(anonymous_99)
FNDA:1,(anonymous_100)
FNDA:1,(anonymous_101)
FNDA:1,(anonymous_102)
FNDA:1,(anonymous_103)
FNDA:1,(anonymous_104)
FNDA:1,(anonymous_105)
FNDA:1,(anonymous_106)
FNDA:1,(anonymous_107)
FNDA:1,(anonymous_108)
FNDA:1,(anonymous_109)
FNDA:1,(anonymous_110)
FNDA:1,(anonymous_111)
FNDA:1,(anonymous_112)
FNDA:1,(anonymous_113)
FNDA:1,(anonymous_114)
FNDA:1,(anonymous_115)
FNDA:1,(anonymous_116)
FNDA:1,(anonymous_117)
FNDA:1,(anonymous_118)
FNDA:1,(anonymous_119)
FNDA:1,(anonymous_120)
FNDA:1,(anonymous_121)
FNDA:1,(anonymous_122)
FNDA:1,(anonymous_123)
FNDA:1,(anonymous_124)
FNDA:1,(anonymous_125)
FNDA:1,(anonymous_126)
FNDA:1,(anonymous_127)
FNDA:1,(anonymous_128)
FNDA:1,(anonymous_129)
FNDA:1,(anonymous_130)
FNDA:1,(anonymous_131)
FNDA:1,(anonymous_132)
FNDA:1,(anonymous_133)
FNDA:1,(anonymous_134)
FNDA:1,(anonymous_135)
FNDA:1,(anonymous_136)
FNDA:1,(anonymous_137)
FNDA:1,(anonymous_138)
FNDA:1,(anonymous_139)
FNDA:1,(anonymous_140)
FNDA:1,(anonymous_141)
FNDA:1,(anonymous_142)
FNDA:1,(anonymous_143)
FNDA:1,(anonymous_144)
FNDA:1,(anonymous_145)
FNDA:1,(anonymous_146)
FNDA:1,(anonymous_147)
FNDA:1,(anonymous_148)
FNDA:1,(anonymous_149)
FNDA:1,(anonymous_150)
FNDA:1,(anonymous_151)
FNDA:1,(anonymous_152)
FNDA:1,(anonymous_153)
FNDA:1,(anonymous_154)
FNDA:1,(anonymous_155)
FNDA:1,(anonymous_156)
FNDA:1,(anonymous_157)
FNDA:1,(anonymous_158)
FNDA:1,(anonymous_159)
FNDA:1,(anonymous_160)
FNDA:1,(anonymous_161)
FNDA:1,(anonymous_162)
FNDA:1,(anonymous_163)
FNDA:1,(anonymous_164)
FNDA:1,(anonymous_165)
FNDA:1,(anonymous_166)
FNDA:1,(anonymous_167)
FNDA:1,(anonymous_168)
FNDA:1,(anonymous_169)
FNDA:1,(anonymous_170)
FNDA:1,(anonymous_171)
FNDA:1,(anonymous_172)
FNDA:1,(anonymous_173)
FNDA:1,(anonymous_174)
FNDA:1,(anonymous_175)
FNDA:1,(anonymous_176)
FNDA:1,(anonymous_177)
FNDA:1,(anonymous_178)
FNDA:1,(anonymous_179)
DA:1,1
DA:3,0
DA:5,1
DA:6,1
DA:8,0
DA:9,0
DA:14,0
DA:15,0
DA:16,0
DA:17,0
DA:18,0
DA:23,0
DA:24,0
DA:25,0
DA:26,0
DA:28,0
DA:29,0
DA:30,0
DA:31,0
DA:32,0
DA:33,0
DA:35,0
DA:37,0
DA:38,0
DA:39,0
DA:41,0
DA:44,0
DA:46,0
DA:47,0
DA:49,0
DA:52,0
DA:53,0
DA:55,0
DA:56,0
DA:58,0
DA:64,1
DA:66,1
DA:67,1
DA:68,1
DA:71,1
DA:73,1
DA:77,126
DA:78,126
DA:79,125
DA:80,314
DA:81,314
DA:82,190
DA:83,158
DA:86,124
DA:87,124
DA:89,314
DA:90,282
DA:93,0
DA:99,0
DA:101,314
DA:103,125
DA:104,1125
DA:108,17
DA:111,0
DA:115,125
DA:116,1250
DA:121,1125
DA:124,125
DA:125,0
DA:126,0
DA:127,0
DA:128,0
DA:129,0
DA:133,0
DA:134,0
DA:135,0
DA:136,0
DA:138,0
DA:139,0
DA:144,125
DA:145,0
DA:146,0
DA:148,125
DA:153,125
DA:165,2
DA:166,1
DA:167,1
DA:168,0
DA:169,0
DA:170,1
DA:173,0
DA:174,0
DA:175,0
DA:176,0
DA:177,0
DA:180,0
DA:183,0
DA:186,0
DA:187,0
DA:194,0
DA:195,0
DA:198,0
DA:201,0
DA:202,0
DA:208,125
DA:209,125
DA:212,1
DA:213,1
DA:216,0
DA:217,0
DA:218,0
DA:222,1
DA:223,1
DA:224,1
DA:225,1
DA:226,1
DA:233,0
DA:234,0
DA:238,0
DA:239,0
DA:241,0
DA:242,0
DA:243,0
DA:244,0
DA:245,0
DA:246,0
DA:248,0
DA:249,0
DA:250,0
DA:251,0
DA:253,0
DA:254,0
DA:255,0
DA:260,0
DA:261,0
DA:265,0
DA:267,0
DA:272,0
DA:274,0
DA:280,0
DA:281,0
DA:282,0
DA:283,0
DA:284,0
DA:285,0
DA:288,0
DA:289,0
DA:294,0
DA:295,0
DA:297,0
DA:298,0
DA:299,0
DA:304,0
DA:305,0
DA:306,0
DA:307,0
DA:308,0
DA:312,0
DA:314,0
DA:318,0
DA:321,0
DA:325,0
DA:326,0
DA:327,0
DA:328,0
DA:331,0
DA:336,0
DA:337,0
DA:338,0
DA:347,0
DA:348,0
DA:350,0
DA:351,0
DA:356,0
DA:357,0
DA:358,0
DA:359,0
DA:360,0
DA:361,0
DA:362,0
DA:363,0
DA:369,0
DA:370,0
DA:376,0
DA:377,0
DA:378,0
DA:379,0
DA:380,0
DA:381,0
DA:388,0
DA:389,0
DA:390,0
DA:391,0
DA:392,0
DA:393,0
DA:395,0
DA:396,0
DA:397,0
DA:404,0
DA:413,0
DA:414,0
DA:415,0
DA:421,0
DA:422,0
DA:423,0
DA:425,0
DA:426,0
DA:431,0
DA:432,0
DA:433,0
DA:436,0
DA:437,0
DA:439,0
DA:445,0
DA:446,0
DA:447,0
DA:448,0
DA:449,0
DA:450,0
DA:452,0
DA:454,0
DA:455,0
DA:456,0
DA:461,0
DA:463,0
DA:464,0
DA:465,0
DA:472,0
DA:474,0
DA:475,0
DA:476,0
DA:479,0
DA:481,0
DA:482,0
DA:483,0
DA:485,0
DA:486,0
DA:487,0
DA:489,0
DA:491,0
DA:492,0
DA:493,0
DA:495,0
DA:496,0
DA:497,0
DA:498,0
DA:499,0
DA:505,0
DA:506,0
DA:507,0
DA:514,0
DA:515,0
DA:516,0
DA:522,0
DA:523,0
DA:524,0
DA:525,0
DA:531,0
DA:539,0
DA:540,0
DA:541,0
DA:542,0
DA:547,0
DA:548,0
DA:549,0
DA:550,0
DA:551,0
DA:553,0
DA:556,0
DA:557,0
DA:558,0
DA:559,0
DA:561,0
DA:564,0
DA:567,0
DA:570,0
DA:573,0
DA:574,0
DA:575,0
DA:576,0
DA:577,0
DA:578,0
DA:586,0
DA:587,0
DA:590,0
DA:591,0
DA:592,0
DA:593,0
DA:594,0
DA:595,0
DA:596,0
DA:603,0
DA:605,0
DA:608,0
DA:609,0
DA:610,0
DA:615,0
DA:616,0
DA:617,0
DA:620,0
DA:621,0
DA:622,0
DA:623,0
DA:624,0
DA:625,0
DA:626,0
DA:627,0
DA:628,0
DA:629,0
DA:632,0
DA:633,0
DA:634,0
DA:635,0
DA:637,0
DA:638,0
DA:645,0
DA:646,0
DA:655,0
DA:656,0
DA:657,0
DA:658,0
DA:659,0
DA:660,0
DA:662,0
DA:663,0
DA:664,0
DA:666,0
DA:667,0
DA:674,0
DA:675,0
DA:677,0
DA:680,0
DA:681,0
DA:687,0
DA:688,0
DA:695,0
DA:696,0
DA:697,0
DA:700,0
DA:701,0
DA:702,0
DA:707,1
DA:713,315
DA:714,190
DA:717,125
DA:727,125
DA:730,125
DA:733,125
DA:738,1
DA:741,1
DA:744,1
DA:745,9
DA:746,9
DA:751,1
DA:752,8
DA:753,8
DA:755,8
DA:763,1
DA:764,0
DA:765,0
DA:766,0
DA:767,0
DA:768,0
DA:769,0
DA:770,0
DA:771,0
DA:775,1
DA:776,4
DA:777,0
DA:778,3
DA:779,4
DA:780,4
DA:784,9
DA:787,1
DA:790,1
DA:794,1
DA:807,1
DA:819,1
DA:831,1
DA:843,1
DA:855,1
DA:867,1
DA:879,1
DA:891,1
DA:903,1
DA:915,1
DA:927,1
DA:939,1
DA:951,1
DA:963,1
DA:975,1
DA:987,1
DA:999,1
DA:1011,1
DA:1023,1
DA:1035,1
DA:1047,1
DA:1059,1
DA:1071,1
DA:1083,1
DA:1095,1
DA:1107,1
DA:1119,1
DA:1131,1
DA:1143,1
DA:1155,1
DA:1167,1
DA:1179,1
DA:1191,1
DA:1203,1
DA:1215,1
DA:1226,1
DA:1238,1
DA:1250,1
DA:1261,1
DA:1272,1
DA:1283,1
DA:1294,1
DA:1305,1
DA:1316,1
DA:1327,1
DA:1338,1
DA:1349,1
DA:1360,1
DA:1371,1
DA:1382,1
DA:1393,1
DA:1404,1
DA:1415,1
DA:1426,1
DA:1437,1
DA:1448,1
DA:1459,1
DA:1470,1
DA:1481,1
DA:1492,1
DA:1503,1
DA:1514,1
DA:1525,1
DA:1536,1
DA:1547,1
DA:1558,1
DA:1569,1
DA:1580,1
DA:1591,1
DA:1602,1
DA:1614,1
DA:1626,1
DA:1637,1
DA:1649,1
DA:1660,1
DA:1671,1
DA:1682,1
DA:1694,1
DA:1705,1
DA:1717,1
DA:1729,1
DA:1741,1
DA:1753,1
DA:1765,1
DA:1777,1
DA:1789,1
DA:1801,1
DA:1813,1
DA:1825,1
DA:1837,1
DA:1849,1
DA:1861,1
DA:1873,1
DA:1885,1
DA:1897,1
DA:1909,1
DA:1921,1
DA:1933,1
DA:1945,1
DA:1957,1
DA:1969,1
DA:1981,1
DA:1993,1
DA:2005,1
DA:2017,1
DA:2029,1
DA:2041,1
DA:2053,1
DA:2065,1
DA:2077,1
DA:2089,1
DA:2101,1
DA:2113,1
DA:2125,1
DA:2136,1
DA:2147,1
DA:2159,1
DA:2170,1
DA:2182,1
DA:2193,1
DA:2204,1
DA:2216,1
DA:2228,1
DA:2240,1
DA:2252,1
LF:496
LH:195
BRDA:5,0,0,1
BRDA:5,0,1,0
BRDA:6,1,0,1
BRDA:6,1,1,0
BRDA:9,2,0,0
BRDA:9,2,1,0
BRDA:17,3,0,0
BRDA:17,3,1,0
BRDA:23,4,0,0
BRDA:23,4,1,0
BRDA:25,5,0,0
BRDA:25,5,1,0
BRDA:38,6,0,0
BRDA:38,6,1,0
BRDA:39,7,0,0
BRDA:39,7,1,0
BRDA:44,8,0,0
BRDA:44,8,1,0
BRDA:47,9,0,0
BRDA:47,9,1,0
BRDA:47,10,0,0
BRDA:47,10,1,0
BRDA:78,11,0,1
BRDA:78,11,1,125
BRDA:80,12,0,314
BRDA:80,12,1,0
BRDA:81,13,0,190
BRDA:81,13,1,124
BRDA:82,14,0,158
BRDA:82,14,1,32
BRDA:89,15,0,282
BRDA:89,15,1,32
BRDA:116,16,0,1125
BRDA:116,16,1,125
BRDA:117,17,0,1250
BRDA:117,17,1,1250
BRDA:117,17,2,1250
BRDA:125,18,0,0
BRDA:125,18,1,0
BRDA:134,19,0,0
BRDA:134,19,1,0
BRDA:135,20,0,0
BRDA:135,20,1,0
BRDA:138,21,0,0
BRDA:138,21,1,0
BRDA:138,22,0,0
BRDA:138,22,1,0
BRDA:145,23,0,0
BRDA:145,23,1,0
BRDA:165,24,0,1
BRDA:165,24,1,1
BRDA:166,25,0,0
BRDA:166,25,1,1
BRDA:167,26,0,0
BRDA:167,26,1,1
BRDA:169,27,0,0
BRDA:169,27,1,0
BRDA:170,28,0,1
BRDA:170,28,1,0
BRDA:173,29,0,0
BRDA:173,29,1,0
BRDA:174,30,0,0
BRDA:174,30,1,0
BRDA:187,31,0,0
BRDA:187,31,1,0
BRDA:194,32,0,0
BRDA:194,32,1,0
BRDA:202,33,0,0
BRDA:202,33,1,0
BRDA:234,34,0,0
BRDA:234,34,1,0
BRDA:238,35,0,0
BRDA:238,35,1,0
BRDA:244,36,0,0
BRDA:244,36,1,0
BRDA:267,37,0,0
BRDA:267,37,1,0
BRDA:268,38,0,0
BRDA:268,38,1,0
BRDA:268,38,2,0
BRDA:280,39,0,0
BRDA:280,39,1,0
BRDA:280,40,0,0
BRDA:280,40,1,0
BRDA:284,41,0,0
BRDA:284,41,1,0
BRDA:288,42,0,0
BRDA:288,42,1,0
BRDA:288,43,0,0
BRDA:288,43,1,0
BRDA:294,44,0,0
BRDA:294,44,1,0
BRDA:307,45,0,0
BRDA:307,45,1,0
BRDA:308,46,0,0
BRDA:308,46,1,0
BRDA:327,47,0,0
BRDA:327,47,1,0
BRDA:336,48,0,0
BRDA:336,48,1,0
BRDA:338,49,0,0
BRDA:338,49,1,0
BRDA:361,50,0,0
BRDA:361,50,1,0
BRDA:361,51,0,0
BRDA:361,51,1,0
BRDA:362,52,0,0
BRDA:362,52,1,0
BRDA:369,53,0,0
BRDA:369,53,1,0
BRDA:379,54,0,0
BRDA:379,54,1,0
BRDA:380,55,0,0
BRDA:380,55,1,0
BRDA:388,56,0,0
BRDA:388,56,1,0
BRDA:389,57,0,0
BRDA:389,57,1,0
BRDA:390,58,0,0
BRDA:390,58,1,0
BRDA:415,59,0,0
BRDA:415,59,1,0
BRDA:432,60,0,0
BRDA:432,60,1,0
BRDA:436,61,0,0
BRDA:436,61,1,0
BRDA:449,62,0,0
BRDA:449,62,1,0
BRDA:452,63,0,0
BRDA:452,63,1,0
BRDA:452,63,2,0
BRDA:452,63,3,0
BRDA:452,63,4,0
BRDA:452,63,5,0
BRDA:454,64,0,0
BRDA:454,64,1,0
BRDA:455,65,0,0
BRDA:455,65,1,0
BRDA:463,66,0,0
BRDA:463,66,1,0
BRDA:464,67,0,0
BRDA:464,67,1,0
BRDA:474,68,0,0
BRDA:474,68,1,0
BRDA:475,69,0,0
BRDA:475,69,1,0
BRDA:481,70,0,0
BRDA:481,70,1,0
BRDA:485,71,0,0
BRDA:485,71,1,0
BRDA:491,72,0,0
BRDA:491,72,1,0
BRDA:495,73,0,0
BRDA:495,73,1,0
BRDA:499,74,0,0
BRDA:499,74,1,0
BRDA:505,75,0,0
BRDA:505,75,1,0
BRDA:514,76,0,0
BRDA:514,76,1,0
BRDA:525,77,0,0
BRDA:525,77,1,0
BRDA:526,78,0,0
BRDA:526,78,1,0
BRDA:526,78,2,0
BRDA:541,79,0,0
BRDA:541,79,1,0
BRDA:551,80,0,0
BRDA:551,80,1,0
BRDA:575,81,0,0
BRDA:575,81,1,0
BRDA:577,82,0,0
BRDA:577,82,1,0
BRDA:587,83,0,0
BRDA:587,83,1,0
BRDA:591,84,0,0
BRDA:591,84,1,0
BRDA:596,85,0,0
BRDA:596,85,1,0
BRDA:609,86,0,0
BRDA:609,86,1,0
BRDA:617,87,0,0
BRDA:617,87,1,0
BRDA:621,88,0,0
BRDA:621,88,1,0
BRDA:627,89,0,0
BRDA:627,89,1,0
BRDA:628,90,0,0
BRDA:628,90,1,0
BRDA:637,91,0,0
BRDA:637,91,1,0
BRDA:645,92,0,0
BRDA:645,92,1,0
BRDA:646,93,0,0
BRDA:646,93,1,0
BRDA:662,94,0,0
BRDA:662,94,1,0
BRDA:666,95,0,0
BRDA:666,95,1,0
BRDA:674,96,0,0
BRDA:674,96,1,0
BRDA:675,97,0,0
BRDA:675,97,1,0
BRDA:677,98,0,0
BRDA:677,98,1,0
BRDA:680,99,0,0
BRDA:680,99,1,0
BRDA:687,100,0,0
BRDA:687,100,1,0
BRDA:688,101,0,0
BRDA:688,101,1,0
BRDA:695,102,0,0
BRDA:695,102,1,0
BRDA:713,103,0,190
BRDA:713,103,1,125
BRDA:745,104,0,9
BRDA:745,104,1,0
BRDA:752,105,0,8
BRDA:752,105,1,0
BRDA:752,106,0,8
BRDA:752,106,1,8
BRDA:764,107,0,0
BRDA:764,107,1,0
BRDA:765,108,0,0
BRDA:765,108,1,0
BRDA:766,109,0,0
BRDA:766,109,1,0
BRDA:766,110,0,0
BRDA:766,110,1,0
BRDA:766,110,2,0
BRDA:766,110,3,0
BRDA:770,111,0,0
BRDA:770,111,1,0
BRDA:770,112,0,0
BRDA:770,112,1,0
BRDA:776,113,0,0
BRDA:776,113,1,4
BRDA:776,114,0,4
BRDA:776,114,1,4
BRF:239
BRH:30
end_of_record
